0 info it worked if it ends with ok
1 verbose cli [ 'node', '/usr/local/bin/npm', 'install', 'soket.io' ]
2 info using npm@1.2.18
3 info using node@v0.10.5
4 verbose read json /Users/patriplo/Desktop/Sites/chat/package.json
5 verbose read json /Users/patriplo/Desktop/Sites/chat/node_modules/socket.io/package.json
6 verbose read json /Users/patriplo/Desktop/Sites/chat/package.json
7 verbose cache add [ 'soket.io', null ]
8 verbose cache add name=undefined spec="soket.io" args=["soket.io",null]
9 verbose parsed url { protocol: null,
9 verbose parsed url   slashes: null,
9 verbose parsed url   auth: null,
9 verbose parsed url   host: null,
9 verbose parsed url   port: null,
9 verbose parsed url   hostname: null,
9 verbose parsed url   hash: null,
9 verbose parsed url   search: null,
9 verbose parsed url   query: null,
9 verbose parsed url   pathname: 'soket.io',
9 verbose parsed url   path: 'soket.io',
9 verbose parsed url   href: 'soket.io' }
10 silly lockFile ab937290-soket-io soket.io
11 verbose lock soket.io /Users/patriplo/.npm/ab937290-soket-io.lock
12 silly lockFile ab937290-soket-io soket.io
13 silly lockFile ab937290-soket-io soket.io
14 verbose addNamed [ 'soket.io', '' ]
15 verbose addNamed [ null, '' ]
16 silly lockFile 6f3f5c88-soket-io soket.io@
17 verbose lock soket.io@ /Users/patriplo/.npm/6f3f5c88-soket-io.lock
18 silly addNameRange { name: 'soket.io', range: '', hasData: false }
19 verbose url raw soket.io
20 verbose url resolving [ 'https://registry.npmjs.org/', './soket.io' ]
21 verbose url resolved https://registry.npmjs.org/soket.io
22 info trying registry request attempt 1 at 15:14:18
23 http GET https://registry.npmjs.org/soket.io
24 http 404 https://registry.npmjs.org/soket.io
25 silly registry.get cb [ 404,
25 silly registry.get   { server: 'CouchDB/1.3.0 (Erlang OTP/R15B03)',
25 silly registry.get     date: 'Mon, 06 May 2013 19:14:19 GMT',
25 silly registry.get     'content-type': 'application/json',
25 silly registry.get     'content-length': '52',
25 silly registry.get     'cache-control': 'must-revalidate' } ]
26 silly lockFile 6f3f5c88-soket-io soket.io@
27 silly lockFile 6f3f5c88-soket-io soket.io@
28 error 404 'soket.io' is not in the npm registry.
28 error 404 You should bug the author to publish it
28 error 404
28 error 404 Note that you can also install from a
28 error 404 tarball, folder, or http url, or git url.
29 error System Darwin 12.3.0
30 error command "node" "/usr/local/bin/npm" "install" "soket.io"
31 error cwd /Users/patriplo/Desktop/Sites/chat
32 error node -v v0.10.5
33 error npm -v 1.2.18
34 error code E404
35 verbose exit [ 1, true ]
